[2025-09-09 00:19:24,376] 20 root - INFO - Logging has been configured successfully.
[2025-09-09 00:19:24,405] 20 root - INFO - Initiating the Data Ingestion process...
[2025-09-09 00:19:27,702] 40 root - INFO - Fetched 11055 rows and 32 columns from MongoDB.
[2025-09-09 00:19:27,720] 47 root - INFO - Sample data:
   having_IP_Address  URL_Length  Shortining_Service  having_At_Symbol  ...  Google_Index  Links_pointing_to_page  Statistical_report  Result
0                 -1           1                   1                 1  ...             1                       1                  -1      -1
1                  1           1                   1                 1  ...             1                       1                   1      -1
2                  1           0                   1                 1  ...             1                       0                  -1      -1
3                  1           0                   1                 1  ...             1                      -1                   1      -1
4                  1           0                  -1                 1  ...             1                       1                   1       1

[5 rows x 31 columns]
[2025-09-09 00:19:27,767] 59 root - INFO - Data saved to feature store: Artifacts\09_09_2025_00_19_24\data_ingestion\feature_store\Network_data\phisingData.csv
[2025-09-09 00:19:27,770] 74 root - INFO - Train-test split completed: Train=(8844, 31), Test=(2211, 31)
[2025-09-09 00:19:27,828] 82 root - INFO - Train and test data exported successfully.
[2025-09-09 00:19:27,829] 104 root - INFO - DataIngestionArtifact created: DataIngestionArtifact(feature_store_file_path='Artifacts\\09_09_2025_00_19_24\\data_ingestion\\feature_store\\Network_data\\phisingData.csv', training_file_path='Artifacts\\09_09_2025_00_19_24\\data_ingestion\\ingested\\train.csv', testing_file_path='Artifacts\\09_09_2025_00_19_24\\data_ingestion\\ingested\\test.csv')
[2025-09-09 00:19:27,829] 22 root - INFO - Data Ingestion completed successfully.
[2025-09-09 00:19:27,837] 20 root - INFO - \u2705 Schema file loaded successfully.
[2025-09-09 00:19:27,837] 21 root - INFO - Schema content: {'columns': [{'having_IP_Address': 'int64'}, {'URL_Length': 'int64'}, {'Shortining_Service': 'int64'}, {'having_At_Symbol': 'int64'}, {'double_slash_redirecting': 'int64'}, {'Prefix_Suffix': 'int64'}, {'having_Sub_Domain': 'int64'}, {'SSLfinal_State': 'int64'}, {'Domain_registeration_length': 'int64'}, {'Favicon': 'int64'}, {'port': 'int64'}, {'HTTPS_token': 'int64'}, {'Request_URL': 'int64'}, {'URL_of_Anchor': 'int64'}, {'Links_in_tags': 'int64'}, {'SFH': 'int64'}, {'Submitting_to_email': 'int64'}, {'Abnormal_URL': 'int64'}, {'Redirect': 'int64'}, {'on_mouseover': 'int64'}, {'RightClick': 'int64'}, {'popUpWidnow': 'int64'}, {'Iframe': 'int64'}, {'age_of_domain': 'int64'}, {'DNSRecord': 'int64'}, {'web_traffic': 'int64'}, {'Page_Rank': 'int64'}, {'Google_Index': 'int64'}, {'Links_pointing_to_page': 'int64'}, {'Statistical_report': 'int64'}, {'Result': 'int64'}], 'numerical_columns': ['having_IP_Address', 'URL_Length', 'Shortining_Service', 'having_At_Symbol', 'double_slash_redirecting', 'Prefix_Suffix', 'having_Sub_Domain', 'SSLfinal_State', 'Domain_registeration_length', 'Favicon', 'port', 'HTTPS_token', 'Request_URL', 'URL_of_Anchor', 'Links_in_tags', 'SFH', 'Submitting_to_email', 'Abnormal_URL', 'Redirect', 'on_mouseover', 'RightClick', 'popUpWidnow', 'Iframe', 'age_of_domain', 'DNSRecord', 'web_traffic', 'Page_Rank', 'Google_Index', 'Links_pointing_to_page', 'Statistical_report', {'Result': 'int64'}]}
[2025-09-09 00:19:27,838] 28 root - INFO - Initiating the Data Validation process...
[2025-09-09 00:19:27,838] 28 root - INFO - \U0001f4c2 Reading data from file: Artifacts\09_09_2025_00_19_24\data_ingestion\ingested\train.csv
[2025-09-09 00:19:27,854] 30 root - INFO - \u2705 Successfully read data with shape: (8844, 31)
[2025-09-09 00:19:27,855] 28 root - INFO - \U0001f4c2 Reading data from file: Artifacts\09_09_2025_00_19_24\data_ingestion\ingested\test.csv
[2025-09-09 00:19:27,860] 30 root - INFO - \u2705 Successfully read data with shape: (2211, 31)
