[2025-09-11 00:48:32,566] 20 root - INFO - Logging has been configured successfully.
[2025-09-11 00:48:33,330] 20 root - INFO - Initiate the data ingestion
[2025-09-11 00:48:33,330] 97 root - INFO - Starting data ingestion process.
[2025-09-11 00:48:33,330] 30 root - INFO - Connecting to MongoDB at mongodb+srv://bhardwaj05priyanshu_db_user:Admin123@cluster0.a6wswrk.mongodb.net/?retryWrites=true&w=majority&appName=Cluster0
[2025-09-11 00:48:35,568] 36 root - INFO - Reading data from collection: priyanshu.network_data
[2025-09-11 00:48:36,941] 46 root - INFO - Number of rows fetched from MongoDB: 11055
[2025-09-11 00:48:36,957] 50 root - INFO - Dropped '_id' column from DataFrame.
[2025-09-11 00:48:36,957] 100 root - INFO - Splitting data into train and test sets.
[2025-09-11 00:48:36,957] 66 root - INFO - Performing train-test split.
[2025-09-11 00:48:36,957] 73 root - INFO - Train set size: 8844, Test set size: 2211
[2025-09-11 00:48:37,004] 85 root - INFO - Train and test files saved at Artifacts\09_11_2025_00_48_32\data_ingestion\ingested\train.csv and Artifacts\09_11_2025_00_48_32\data_ingestion\ingested\test.csv
[2025-09-11 00:48:37,004] 108 root - INFO - Data Ingestion Artifact: DataIngestionArtifact(trained_file_path='Artifacts\\09_11_2025_00_48_32\\data_ingestion\\ingested\\train.csv', test_file_path='Artifacts\\09_11_2025_00_48_32\\data_ingestion\\ingested\\test.csv')
[2025-09-11 00:48:37,004] 109 root - INFO - Data ingestion process completed successfully.
[2025-09-11 00:48:37,019] 22 root - INFO - Data Initiation Completed
[2025-09-11 00:48:37,019] 26 root - INFO - Initiate the data Validation
[2025-09-11 00:48:37,045] 32 root - INFO - Required number of columns:2
[2025-09-11 00:48:37,045] 33 root - INFO - Data frame has columns:31
[2025-09-11 00:48:37,045] 32 root - INFO - Required number of columns:2
[2025-09-11 00:48:37,045] 33 root - INFO - Data frame has columns:31
[2025-09-11 00:48:37,160] 28 root - INFO - data Validation Completed
[2025-09-11 00:48:37,160] 31 root - INFO - data Transformation started
[2025-09-11 00:48:37,160] 63 root - INFO - Entered initiate_data_transformation method of DataTransformation class
[2025-09-11 00:48:37,160] 65 root - INFO - Starting data transformation
[2025-09-11 00:48:37,195] 48 root - INFO - Entered get_data_trnasformer_object method of Trnasformation class
[2025-09-11 00:48:37,195] 53 root - INFO - Initialise KNNImputer with {'missing_values': nan, 'n_neighbors': 3, 'weights': 'uniform'}
[2025-09-11 00:48:37,219] 46 root - INFO - Entered the save_object method of MainUtils class
[2025-09-11 00:48:37,219] 50 root - INFO - Exited the save_object method of MainUtils class
[2025-09-11 00:48:37,219] 46 root - INFO - Entered the save_object method of MainUtils class
[2025-09-11 00:48:37,227] 50 root - INFO - Exited the save_object method of MainUtils class
[2025-09-11 00:48:37,227] 35 root - INFO - data Transformation completed
[2025-09-11 00:48:37,227] 37 root - INFO - Model Training sstared
[2025-09-11 00:51:50,321] 46 root - INFO - Entered the save_object method of MainUtils class
[2025-09-11 00:51:50,321] 50 root - INFO - Exited the save_object method of MainUtils class
[2025-09-11 00:51:50,321] 46 root - INFO - Entered the save_object method of MainUtils class
[2025-09-11 00:51:50,354] 50 root - INFO - Exited the save_object method of MainUtils class
[2025-09-11 00:51:50,354] 134 root - INFO - Model trainer artifact: ModelTrainerArtifact(trained_model_file_path='Artifacts\\09_11_2025_00_48_32\\model_trainer\\trained_model\\model.pkl', train_metric_artifact=ClassificationMetricArtifact(f1_score=0.991559035899522, precision_score=0.9886432772257149, recall_score=0.9944920440636474), test_metric_artifact=ClassificationMetricArtifact(f1_score=0.9711804184761152, precision_score=0.9624413145539906, recall_score=0.9800796812749004))
[2025-09-11 00:51:50,354] 42 root - INFO - Model Training artifact created
